Test suite start at 13.05.2019, 19:22:12 

Subset Sum Problem dimension: 80 ; Number of problem instances: 50
set '04' of instances ; N = 16
===============================================
BKZ block dimension: 30 ; #solved instances: 0 ; #unsolved instances: 50 

running test on instance 1 ... time taken: 1.48078 secs
running test on instance 2 ... time taken: 1.35648 secs
running test on instance 3 ... time taken: 1.00223 secs
running test on instance 4 ... time taken: 0.82284 secs
running test on instance 5 ... time taken: 0.70979 secs
running test on instance 6 ... time taken: 1.32359 secs
running test on instance 7 ... time taken: 1.07655 secs
running test on instance 8 ... time taken: 1.11308 secs
running test on instance 9 ... time taken: 0.75477 secs
running test on instance 10 ... time taken: 1.79388 secs
running test on instance 11 ... time taken: 1.08905 secs
running test on instance 12 ... time taken: 0.57044 secs
running test on instance 13 ... time taken: 1.51693 secs
running test on instance 14 ... time taken: 0.95305 secs
running test on instance 15 ... time taken: 1.26628 secs
running test on instance 16 ... time taken: 0.96134 secs
running test on instance 17 ... time taken: 0.64068 secs
running test on instance 18 ... time taken: 1.08005 secs
running test on instance 19 ... time taken: 1.57696 secs
running test on instance 20 ... time taken: 1.6406 secs
running test on instance 21 ... time taken: 0.78391 secs
running test on instance 22 ... time taken: 2.13926 secs
running test on instance 23 ... time taken: 0.71795 secs
running test on instance 24 ... time taken: 0.35736 secs
running test on instance 25 ... time taken: 1.47853 secs
running test on instance 26 ... time taken: 1.53251 secs
running test on instance 27 ... time taken: 1.12141 secs
running test on instance 28 ... time taken: 0.49921 secs
running test on instance 29 ... time taken: 1.61047 secs
running test on instance 30 ... time taken: 1.1088 secs
running test on instance 31 ... time taken: 1.56644 secs
running test on instance 32 ... time taken: 1.1859 secs
running test on instance 33 ... time taken: 0.90353 secs
running test on instance 34 ... time taken: 1.03385 secs
running test on instance 35 ... time taken: 0.82831 secs
running test on instance 36 ... time taken: 0.85133 secs
running test on instance 37 ... time taken: 1.8006 secs
running test on instance 38 ... time taken: 1.38261 secs
running test on instance 39 ... time taken: 0.9268 secs
running test on instance 40 ... time taken: 0.59476 secs
running test on instance 41 ... time taken: 0.5595 secs
running test on instance 42 ... time taken: 1.36286 secs
running test on instance 43 ... time taken: 0.67793 secs
running test on instance 44 ... time taken: 1.84921 secs
running test on instance 45 ... time taken: 0.86434 secs
running test on instance 46 ... time taken: 0.76121 secs
running test on instance 47 ... time taken: 0.69558 secs
running test on instance 48 ... time taken: 1.01568 secs
running test on instance 49 ... time taken: 1.25394 secs
running test on instance 50 ... time taken: 0.86796 secs

===============================================
===============================================
BKZ block dimension: 31 ; #solved instances: 0 ; #unsolved instances: 50 

running test on instance 1 ... time taken: 0.69253 secs
running test on instance 2 ... time taken: 1.56516 secs
running test on instance 3 ... time taken: 0.85089 secs
running test on instance 4 ... time taken: 1.40577 secs
running test on instance 5 ... time taken: 1.09871 secs
running test on instance 6 ... time taken: 1.8036 secs
running test on instance 7 ... time taken: 2.01394 secs
running test on instance 8 ... time taken: 1.56851 secs
running test on instance 9 ... time taken: 0.89081 secs
running test on instance 10 ... time taken: 2.40402 secs
running test on instance 11 ... time taken: 0.87846 secs
running test on instance 12 ... time taken: 0.96382 secs
running test on instance 13 ... time taken: 1.71262 secs
running test on instance 14 ... time taken: 0.59226 secs
running test on instance 15 ... time taken: 1.40027 secs
running test on instance 16 ... time taken: 2.04643 secs
running test on instance 17 ... time taken: 0.53889 secs
running test on instance 18 ... time taken: 1.09461 secs
running test on instance 19 ... time taken: 1.5411 secs
running test on instance 20 ... time taken: 1.17059 secs
running test on instance 21 ... time taken: 1.71059 secs
running test on instance 22 ... time taken: 1.232 secs
running test on instance 23 ... time taken: 0.87393 secs
running test on instance 24 ... time taken: 1.19039 secs
running test on instance 25 ... time taken: 1.41321 secs
running test on instance 26 ... time taken: 1.79702 secs
running test on instance 27 ... time taken: 1.36739 secs
running test on instance 28 ... time taken: 1.56249 secs
running test on instance 29 ... time taken: 1.15845 secs
running test on instance 30 ... time taken: 3.04446 secs
running test on instance 31 ... time taken: 1.43445 secs
running test on instance 32 ... time taken: 1.01927 secs
running test on instance 33 ... time taken: 2.4361 secs
running test on instance 34 ... time taken: 1.02248 secs
running test on instance 35 ... time taken: 1.09646 secs
running test on instance 36 ... time taken: 2.08134 secs
running test on instance 37 ... time taken: 0.7541 secs
running test on instance 38 ... time taken: 1.62984 secs
running test on instance 39 ... time taken: 1.99461 secs
running test on instance 40 ... time taken: 0.67882 secs
running test on instance 41 ... time taken: 0.81511 secs
running test on instance 42 ... time taken: 1.33923 secs
running test on instance 43 ... time taken: 1.73891 secs
running test on instance 44 ... time taken: 1.85529 secs
running test on instance 45 ... time taken: 1.53528 secs
running test on instance 46 ... time taken: 1.24214 secs
running test on instance 47 ... time taken: 1.27427 secs
running test on instance 48 ... time taken: 1.22799 secs
running test on instance 49 ... time taken: 1.76935 secs
running test on instance 50 ... time taken: 1.42943 secs

===============================================
===============================================
BKZ block dimension: 32 ; #solved instances: 0 ; #unsolved instances: 50 

running test on instance 1 ... time taken: 1.09962 secs
running test on instance 2 ... time taken: 1.47475 secs
running test on instance 3 ... time taken: 1.01506 secs
running test on instance 4 ... time taken: 1.78675 secs
running test on instance 5 ... time taken: 0.73224 secs
running test on instance 6 ... time taken: 1.07944 secs
running test on instance 7 ... time taken: 1.47659 secs
running test on instance 8 ... time taken: 0.70758 secs
running test on instance 9 ... time taken: 1.40098 secs
running test on instance 10 ... time taken: 0.81524 secs
running test on instance 11 ... time taken: 0.81616 secs
running test on instance 12 ... time taken: 3.47656 secs
running test on instance 13 ... time taken: 1.76839 secs
running test on instance 14 ... time taken: 1.59447 secs
running test on instance 15 ... time taken: 1.37923 secs
running test on instance 16 ... time taken: 1.5261 secs
running test on instance 17 ... time taken: 0.71787 secs
running test on instance 18 ... time taken: 1.03432 secs
running test on instance 19 ... time taken: 0.91248 secs
running test on instance 20 ... time taken: 2.26233 secs
running test on instance 21 ... time taken: 0.9676 secs
running test on instance 22 ... time taken: 1.6638 secs
running test on instance 23 ... time taken: 1.30101 secs
running test on instance 24 ... time taken: 1.4935 secs
running test on instance 25 ... time taken: 1.2919 secs
running test on instance 26 ... time taken: 0.5718 secs
running test on instance 27 ... time taken: 1.63302 secs
running test on instance 28 ... time taken: 1.741 secs
running test on instance 29 ... time taken: 1.4097 secs
running test on instance 30 ... time taken: 1.31636 secs
running test on instance 31 ... time taken: 0.78165 secs
running test on instance 32 ... time taken: 1.31683 secs
running test on instance 33 ... time taken: 1.14006 secs
running test on instance 34 ... time taken: 1.59307 secs
running test on instance 35 ... time taken: 0.53373 secs
running test on instance 36 ... time taken: 1.0612 secs
running test on instance 37 ... time taken: 2.24344 secs
running test on instance 38 ... time taken: 1.40362 secs
running test on instance 39 ... time taken: 0.73431 secs
running test on instance 40 ... time taken: 1.12597 secs
running test on instance 41 ... time taken: 1.00652 secs
running test on instance 42 ... time taken: 2.0899 secs
running test on instance 43 ... time taken: 1.1592 secs
running test on instance 44 ... time taken: 2.02349 secs
running test on instance 45 ... time taken: 1.88664 secs
running test on instance 46 ... time taken: 0.99057 secs
running test on instance 47 ... time taken: 1.39531 secs
running test on instance 48 ... time taken: 2.60568 secs
running test on instance 49 ... time taken: 0.90935 secs
running test on instance 50 ... time taken: 0.92294 secs

===============================================
===============================================
BKZ block dimension: 33 ; #solved instances: 0 ; #unsolved instances: 50 

running test on instance 1 ... time taken: 3.98751 secs
running test on instance 2 ... time taken: 2.01523 secs
running test on instance 3 ... time taken: 1.2575 secs
running test on instance 4 ... time taken: 4.97857 secs
running test on instance 5 ... time taken: 2.14485 secs
running test on instance 6 ... time taken: 1.38256 secs
running test on instance 7 ... time taken: 3.80987 secs
running test on instance 8 ... time taken: 3.05673 secs
running test on instance 9 ... time taken: 1.79397 secs
running test on instance 10 ... time taken: 1.40575 secs
running test on instance 11 ... time taken: 1.69762 secs
running test on instance 12 ... time taken: 0.83142 secs
running test on instance 13 ... time taken: 0.47387 secs
running test on instance 14 ... time taken: 6.01137 secs
running test on instance 15 ... time taken: 1.86517 secs
running test on instance 16 ... time taken: 2.00302 secs
running test on instance 17 ... time taken: 2.79303 secs
running test on instance 18 ... time taken: 2.51123 secs
running test on instance 19 ... time taken: 1.53536 secs
running test on instance 20 ... time taken: 2.36673 secs
running test on instance 21 ... time taken: 3.09282 secs
running test on instance 22 ... time taken: 2.08857 secs
running test on instance 23 ... time taken: 0.69198 secs
running test on instance 24 ... time taken: 1.82546 secs
running test on instance 25 ... time taken: 0.94411 secs
running test on instance 26 ... time taken: 5.0737 secs
running test on instance 27 ... time taken: 1.87475 secs
running test on instance 28 ... time taken: 2.55186 secs
running test on instance 29 ... time taken: 1.40891 secs
running test on instance 30 ... time taken: 2.91852 secs
running test on instance 31 ... time taken: 1.42374 secs
running test on instance 32 ... time taken: 2.72368 secs
running test on instance 33 ... time taken: 0.96677 secs
running test on instance 34 ... time taken: 1.13489 secs
running test on instance 35 ... time taken: 2.95598 secs
running test on instance 36 ... time taken: 3.4399 secs
running test on instance 37 ... time taken: 1.32228 secs
running test on instance 38 ... time taken: 3.03499 secs
running test on instance 39 ... time taken: 2.63428 secs
running test on instance 40 ... time taken: 2.10486 secs
running test on instance 41 ... time taken: 2.83731 secs
running test on instance 42 ... time taken: 2.45966 secs
running test on instance 43 ... time taken: 1.63929 secs
running test on instance 44 ... time taken: 1.47531 secs
running test on instance 45 ... time taken: 2.87216 secs
running test on instance 46 ... time taken: 2.41361 secs
running test on instance 47 ... time taken: 1.1565 secs
running test on instance 48 ... time taken: 2.23833 secs
running test on instance 49 ... time taken: 1.87607 secs
running test on instance 50 ... time taken: 1.99007 secs

===============================================
===============================================
BKZ block dimension: 34 ; #solved instances: 0 ; #unsolved instances: 50 

running test on instance 1 ... time taken: 0.94915 secs
running test on instance 2 ... time taken: 3.53975 secs
running test on instance 3 ... time taken: 4.64443 secs
running test on instance 4 ... time taken: 1.95127 secs
running test on instance 5 ... time taken: 3.46581 secs
running test on instance 6 ... time taken: 2.38841 secs
running test on instance 7 ... time taken: 2.62468 secs
running test on instance 8 ... time taken: 1.25842 secs
running test on instance 9 ... time taken: 3.31177 secs
running test on instance 10 ... time taken: 3.09806 secs
running test on instance 11 ... time taken: 1.92955 secs
running test on instance 12 ... time taken: 2.12987 secs
running test on instance 13 ... time taken: 2.95052 secs
running test on instance 14 ... time taken: 1.41472 secs
running test on instance 15 ... time taken: 1.0719 secs
running test on instance 16 ... time taken: 1.96886 secs
running test on instance 17 ... time taken: 1.56843 secs
running test on instance 18 ... time taken: 1.07306 secs
running test on instance 19 ... time taken: 1.74503 secs
running test on instance 20 ... time taken: 2.77136 secs
running test on instance 21 ... time taken: 2.06018 secs
running test on instance 22 ... time taken: 0.90424 secs
running test on instance 23 ... time taken: 2.89749 secs
running test on instance 24 ... time taken: 1.55849 secs
running test on instance 25 ... time taken: 2.92615 secs
running test on instance 26 ... time taken: 1.26531 secs
running test on instance 27 ... time taken: 3.12123 secs
running test on instance 28 ... time taken: 0.9654 secs
running test on instance 29 ... time taken: 1.09842 secs
running test on instance 30 ... time taken: 2.69382 secs
running test on instance 31 ... time taken: 1.47372 secs
running test on instance 32 ... time taken: 5.09206 secs
running test on instance 33 ... time taken: 1.94717 secs
running test on instance 34 ... time taken: 1.99314 secs
running test on instance 35 ... time taken: 0.98194 secs
running test on instance 36 ... time taken: 1.40676 secs
running test on instance 37 ... time taken: 1.18872 secs
running test on instance 38 ... time taken: 1.17038 secs
running test on instance 39 ... time taken: 3.95494 secs
running test on instance 40 ... time taken: 2.98071 secs
running test on instance 41 ... time taken: 2.1571 secs
running test on instance 42 ... time taken: 1.19109 secs
running test on instance 43 ... time taken: 0.49752 secs
running test on instance 44 ... time taken: 1.49311 secs
running test on instance 45 ... time taken: 1.03599 secs
running test on instance 46 ... time taken: 2.05972 secs
running test on instance 47 ... time taken: 2.55574 secs
running test on instance 48 ... time taken: 1.02408 secs
running test on instance 49 ... time taken: 3.60308 secs
running test on instance 50 ... time taken: 2.86734 secs

===============================================
===============================================
BKZ block dimension: 35 ; #solved instances: 0 ; #unsolved instances: 50 

running test on instance 1 ... time taken: 4.74104 secs
running test on instance 2 ... time taken: 4.70954 secs
running test on instance 3 ... time taken: 2.99571 secs
running test on instance 4 ... time taken: 2.25195 secs
running test on instance 5 ... time taken: 1.83215 secs
running test on instance 6 ... time taken: 3.57091 secs
running test on instance 7 ... time taken: 4.37817 secs
running test on instance 8 ... time taken: 3.10114 secs
running test on instance 9 ... time taken: 2.56193 secs
running test on instance 10 ... time taken: 4.92316 secs
running test on instance 11 ... time taken: 3.59854 secs
running test on instance 12 ... time taken: 1.88203 secs
running test on instance 13 ... time taken: 3.35989 secs
running test on instance 14 ... time taken: 4.99934 secs
running test on instance 15 ... time taken: 3.82148 secs
running test on instance 16 ... time taken: 3.59045 secs
running test on instance 17 ... time taken: 1.99998 secs
running test on instance 18 ... time taken: 2.65252 secs
running test on instance 19 ... time taken: 3.22969 secs
running test on instance 20 ... time taken: 5.96456 secs
running test on instance 21 ... time taken: 3.23839 secs
running test on instance 22 ... time taken: 2.68095 secs
running test on instance 23 ... time taken: 1.28539 secs
running test on instance 24 ... time taken: 5.38207 secs
running test on instance 25 ... time taken: 6.46846 secs
running test on instance 26 ... time taken: 3.06818 secs
running test on instance 27 ... time taken: 2.52611 secs
running test on instance 28 ... time taken: 4.9707 secs
running test on instance 29 ... time taken: 3.36728 secs
running test on instance 30 ... time taken: 2.59882 secs
running test on instance 31 ... time taken: 4.59519 secs
running test on instance 32 ... time taken: 2.34618 secs
running test on instance 33 ... time taken: 3.41083 secs
running test on instance 34 ... time taken: 2.63075 secs
running test on instance 35 ... time taken: 1.2545 secs
running test on instance 36 ... time taken: 2.60041 secs
running test on instance 37 ... time taken: 5.36905 secs
running test on instance 38 ... time taken: 2.56831 secs
running test on instance 39 ... time taken: 4.64437 secs
running test on instance 40 ... time taken: 1.39835 secs
running test on instance 41 ... time taken: 1.90821 secs
running test on instance 42 ... time taken: 6.0226 secs
running test on instance 43 ... time taken: 1.66098 secs
running test on instance 44 ... time taken: 1.3882 secs
running test on instance 45 ... time taken: 3.1174 secs
running test on instance 46 ... time taken: 2.65237 secs
running test on instance 47 ... time taken: 4.48885 secs
running test on instance 48 ... time taken: 3.95827 secs
running test on instance 49 ... time taken: 2.2318 secs
running test on instance 50 ... time taken: 3.04018 secs

===============================================
===============================================
BKZ block dimension: 36 ; #solved instances: 0 ; #unsolved instances: 50 

running test on instance 1 ... time taken: 2.42796 secs
running test on instance 2 ... time taken: 1.16253 secs
running test on instance 3 ... time taken: 6.38374 secs
running test on instance 4 ... time taken: 9.74069 secs
running test on instance 5 ... time taken: 1.50597 secs
running test on instance 6 ... time taken: 1.3646 secs
running test on instance 7 ... time taken: 4.67692 secs
running test on instance 8 ... time taken: 4.84674 secs
running test on instance 9 ... time taken: 7.24692 secs
running test on instance 10 ... time taken: 3.90674 secs
running test on instance 11 ... time taken: 4.95787 secs
running test on instance 12 ... time taken: 2.64434 secs
running test on instance 13 ... time taken: 4.92422 secs
running test on instance 14 ... time taken: 3.68197 secs
running test on instance 15 ... time taken: 3.23193 secs
running test on instance 16 ... time taken: 2.86883 secs
running test on instance 17 ... time taken: 5.09118 secs
running test on instance 18 ... time taken: 4.86865 secs
running test on instance 19 ... time taken: 2.91022 secs
running test on instance 20 ... time taken: 1.6714 secs
running test on instance 21 ... time taken: 3.2148 secs
running test on instance 22 ... time taken: 3.37895 secs
running test on instance 23 ... time taken: 2.93763 secs
running test on instance 24 ... time taken: 4.84904 secs
running test on instance 25 ... time taken: 2.74207 secs
running test on instance 26 ... time taken: 3.3308 secs
running test on instance 27 ... time taken: 6.34416 secs
running test on instance 28 ... time taken: 3.2517 secs
running test on instance 29 ... time taken: 1.73946 secs
running test on instance 30 ... time taken: 5.5173 secs
running test on instance 31 ... time taken: 4.81571 secs
running test on instance 32 ... time taken: 3.27115 secs
running test on instance 33 ... time taken: 2.22333 secs
running test on instance 34 ... time taken: 3.52897 secs
running test on instance 35 ... time taken: 3.44862 secs
running test on instance 36 ... time taken: 4.54951 secs
running test on instance 37 ... time taken: 5.38492 secs
running test on instance 38 ... time taken: 4.97666 secs
running test on instance 39 ... time taken: 3.73338 secs
running test on instance 40 ... time taken: 5.11852 secs
running test on instance 41 ... time taken: 1.68562 secs
running test on instance 42 ... time taken: 2.45871 secs
running test on instance 43 ... time taken: 2.73033 secs
running test on instance 44 ... time taken: 3.85476 secs
running test on instance 45 ... time taken: 6.00317 secs
running test on instance 46 ... time taken: 3.06683 secs
running test on instance 47 ... time taken: 4.72179 secs
running test on instance 48 ... time taken: 3.78243 secs
running test on instance 49 ... time taken: 3.8373 secs
running test on instance 50 ... time taken: 5.49262 secs

===============================================
===============================================
BKZ block dimension: 37 ; #solved instances: 0 ; #unsolved instances: 50 

running test on instance 1 ... time taken: 1.71143 secs
running test on instance 2 ... time taken: 7.09466 secs
running test on instance 3 ... time taken: 4.33327 secs
running test on instance 4 ... time taken: 8.34128 secs
running test on instance 5 ... time taken: 2.41512 secs
running test on instance 6 ... time taken: 4.39731 secs
running test on instance 7 ... time taken: 3.3351 secs
running test on instance 8 ... time taken: 3.77434 secs
running test on instance 9 ... time taken: 5.42801 secs ---> instance solved (problem dim. = 0.9303240538411102)
running test on instance 10 ... time taken: 2.31863 secs
running test on instance 11 ... time taken: 8.48368 secs
running test on instance 12 ... time taken: 10.22983 secs
running test on instance 13 ... time taken: 3.50953 secs
running test on instance 14 ... time taken: 4.28125 secs
running test on instance 15 ... time taken: 7.33482 secs
running test on instance 16 ... time taken: 6.3882 secs
running test on instance 17 ... time taken: 5.00565 secs
running test on instance 18 ... time taken: 3.94697 secs
running test on instance 19 ... time taken: 13.5012 secs ---> instance solved (problem dim. = 0.9415794133215544)
running test on instance 20 ... time taken: 8.67286 secs ---> instance solved (problem dim. = 0.9196421351689952)
running test on instance 21 ... time taken: 8.08327 secs
running test on instance 22 ... time taken: 5.40584 secs
running test on instance 23 ... time taken: 7.9756 secs ---> instance solved (problem dim. = 0.9411872883913256)
running test on instance 24 ... time taken: 4.03133 secs
running test on instance 25 ... time taken: 5.43575 secs
running test on instance 26 ... time taken: 5.51147 secs
running test on instance 27 ... time taken: 9.03984 secs
running test on instance 28 ... time taken: 2.30602 secs
running test on instance 29 ... time taken: 6.67572 secs
running test on instance 30 ... time taken: 6.52978 secs
running test on instance 31 ... time taken: 6.11482 secs
running test on instance 32 ... time taken: 8.43803 secs
running test on instance 33 ... time taken: 6.34395 secs
running test on instance 34 ... time taken: 11.1155 secs ---> instance solved (problem dim. = 0.9198421613970714)
running test on instance 35 ... time taken: 12.40258 secs
running test on instance 36 ... time taken: 3.47142 secs
running test on instance 37 ... time taken: 13.51049 secs
running test on instance 38 ... time taken: 2.976 secs
running test on instance 39 ... time taken: 17.33137 secs
running test on instance 40 ... time taken: 1.43701 secs
running test on instance 41 ... time taken: 10.53148 secs
running test on instance 42 ... time taken: 2.97956 secs
running test on instance 43 ... time taken: 11.2246 secs
running test on instance 44 ... time taken: 4.80775 secs
running test on instance 45 ... time taken: 5.48263 secs
running test on instance 46 ... time taken: 5.54096 secs
running test on instance 47 ... time taken: 5.1365 secs
running test on instance 48 ... time taken: 3.30912 secs
running test on instance 49 ... time taken: 11.27939 secs
running test on instance 50 ... time taken: 6.67039 secs

===============================================
===============================================
BKZ block dimension: 38 ; #solved instances: 5 ; #unsolved instances: 45 

running test on instance 1 ... time taken: 9.58372 secs
running test on instance 2 ... time taken: 8.40963 secs
running test on instance 3 ... time taken: 3.22283 secs
running test on instance 4 ... time taken: 10.72016 secs
running test on instance 5 ... time taken: 5.74684 secs
running test on instance 6 ... time taken: 4.49541 secs
running test on instance 7 ... time taken: 4.37464 secs
running test on instance 8 ... time taken: 4.85655 secs
running test on instance 10 ... time taken: 6.55895 secs
running test on instance 11 ... time taken: 9.30729 secs
running test on instance 12 ... time taken: 5.98496 secs
running test on instance 13 ... time taken: 9.50227 secs
running test on instance 14 ... time taken: 3.57955 secs
running test on instance 15 ... time taken: 4.94886 secs
running test on instance 16 ... time taken: 4.99023 secs ---> instance solved (problem dim. = 0.9197563197385172)
running test on instance 17 ... time taken: 10.20355 secs
running test on instance 18 ... time taken: 6.61603 secs
running test on instance 21 ... time taken: 8.19057 secs
running test on instance 22 ... time taken: 5.96437 secs
running test on instance 24 ... time taken: 4.66088 secs
running test on instance 25 ... time taken: 3.65567 secs
running test on instance 26 ... time taken: 2.64035 secs
running test on instance 27 ... time taken: 5.61494 secs
running test on instance 28 ... time taken: 6.83802 secs
running test on instance 29 ... time taken: 2.95847 secs
running test on instance 30 ... time taken: 6.00765 secs
running test on instance 31 ... time taken: 5.33149 secs
running test on instance 32 ... time taken: 7.83917 secs
running test on instance 33 ... time taken: 0.85041 secs
running test on instance 35 ... time taken: 4.13985 secs
running test on instance 36 ... time taken: 4.77145 secs
running test on instance 37 ... time taken: 4.0249 secs
running test on instance 38 ... time taken: 2.85549 secs
running test on instance 39 ... time taken: 6.58912 secs
running test on instance 40 ... time taken: 4.55652 secs
running test on instance 41 ... time taken: 14.26996 secs ---> instance solved (problem dim. = 0.9198284350459649)
running test on instance 42 ... time taken: 8.14319 secs
running test on instance 43 ... time taken: 9.43378 secs
running test on instance 44 ... time taken: 4.84115 secs
running test on instance 45 ... time taken: 2.65071 secs
running test on instance 46 ... time taken: 6.51264 secs
running test on instance 47 ... time taken: 12.36279 secs
running test on instance 48 ... time taken: 8.28685 secs
running test on instance 49 ... time taken: 3.06251 secs
running test on instance 50 ... time taken: 7.60513 secs

===============================================
===============================================
BKZ block dimension: 39 ; #solved instances: 7 ; #unsolved instances: 43 

running test on instance 1 ... time taken: 11.39928 secs
running test on instance 2 ... time taken: 9.21635 secs
running test on instance 3 ... time taken: 6.43334 secs
running test on instance 4 ... time taken: 9.33069 secs
running test on instance 5 ... time taken: 3.4893 secs
running test on instance 6 ... time taken: 5.18706 secs
running test on instance 7 ... time taken: 2.29986 secs
running test on instance 8 ... time taken: 9.63564 secs ---> instance solved (problem dim. = 0.9413957926548012)
running test on instance 10 ... time taken: 8.29352 secs
running test on instance 11 ... time taken: 3.58964 secs
running test on instance 12 ... time taken: 9.26632 secs
running test on instance 13 ... time taken: 9.8276 secs
running test on instance 14 ... time taken: 4.67364 secs
running test on instance 15 ... time taken: 7.94647 secs
running test on instance 17 ... time taken: 7.86803 secs
running test on instance 18 ... time taken: 19.00429 secs
running test on instance 21 ... time taken: 11.32693 secs
running test on instance 22 ... time taken: 7.77529 secs
running test on instance 24 ... time taken: 11.89688 secs ---> instance solved (problem dim. = 0.9309052704536437)
running test on instance 25 ... time taken: 9.71926 secs
running test on instance 26 ... time taken: 9.10441 secs
running test on instance 27 ... time taken: 4.89517 secs
running test on instance 28 ... time taken: 5.81043 secs ---> instance solved (problem dim. = 0.9411901246747552)
running test on instance 29 ... time taken: 11.49293 secs ---> instance solved (problem dim. = 0.9303229757346966)
running test on instance 30 ... time taken: 6.06061 secs
running test on instance 31 ... time taken: 9.35463 secs
running test on instance 32 ... time taken: 4.46615 secs
running test on instance 33 ... time taken: 7.26804 secs
running test on instance 35 ... time taken: 13.60302 secs
running test on instance 36 ... time taken: 10.85656 secs
running test on instance 37 ... time taken: 10.44128 secs
running test on instance 38 ... time taken: 15.0541 secs
running test on instance 39 ... time taken: 11.05717 secs
running test on instance 40 ... time taken: 8.75794 secs
running test on instance 42 ... time taken: 7.11274 secs
running test on instance 43 ... time taken: 20.98019 secs ---> instance solved (problem dim. = 0.9306989907753511)
running test on instance 44 ... time taken: 9.441 secs
running test on instance 45 ... time taken: 11.37285 secs
running test on instance 46 ... time taken: 7.82001 secs
running test on instance 47 ... time taken: 10.66152 secs ---> instance solved (problem dim. = 0.9412115660571307)
running test on instance 48 ... time taken: 30.11353 secs
running test on instance 49 ... time taken: 17.92433 secs ---> instance solved (problem dim. = 0.9196833441686982)
running test on instance 50 ... time taken: 7.25468 secs

===============================================
===============================================
BKZ block dimension: 40 ; #solved instances: 14 ; #unsolved instances: 36 

running test on instance 1 ... time taken: 12.66008 secs
running test on instance 2 ... time taken: 13.60836 secs
running test on instance 3 ... time taken: 12.64718 secs
running test on instance 4 ... time taken: 10.96334 secs
running test on instance 5 ... time taken: 7.13178 secs
running test on instance 6 ... time taken: 23.1763 secs ---> instance solved (problem dim. = 0.941186162437356)
running test on instance 7 ... time taken: 7.06652 secs
running test on instance 10 ... time taken: 6.07807 secs
running test on instance 11 ... time taken: 15.76572 secs ---> instance solved (problem dim. = 0.9196546475859326)
running test on instance 12 ... time taken: 10.29622 secs
running test on instance 13 ... time taken: 6.58484 secs
running test on instance 14 ... time taken: 8.03647 secs
running test on instance 15 ... time taken: 10.60188 secs
running test on instance 17 ... time taken: 9.2349 secs ---> instance solved (problem dim. = 0.9412251050567522)
running test on instance 18 ... time taken: 9.76392 secs ---> instance solved (problem dim. = 0.9304398494409237)
running test on instance 21 ... time taken: 9.56042 secs
running test on instance 22 ... time taken: 10.03694 secs
running test on instance 25 ... time taken: 2.91788 secs
running test on instance 26 ... time taken: 10.20012 secs ---> instance solved (problem dim. = 0.9303742498361245)
running test on instance 27 ... time taken: 8.10379 secs
running test on instance 30 ... time taken: 12.3801 secs ---> instance solved (problem dim. = 0.9199592545985464)
running test on instance 31 ... time taken: 17.52429 secs ---> instance solved (problem dim. = 0.9305981243358407)
running test on instance 32 ... time taken: 6.38663 secs
running test on instance 33 ... time taken: 10.49919 secs
running test on instance 35 ... time taken: 7.13314 secs ---> instance solved (problem dim. = 0.9302534178211824)
running test on instance 36 ... time taken: 8.97654 secs
running test on instance 37 ... time taken: 12.12172 secs ---> instance solved (problem dim. = 0.930442587189832)
running test on instance 38 ... time taken: 7.53665 secs ---> instance solved (problem dim. = 0.9197337187991846)
running test on instance 39 ... time taken: 15.81819 secs ---> instance solved (problem dim. = 0.9303081703981573)
running test on instance 40 ... time taken: 9.35575 secs
running test on instance 42 ... time taken: 11.06246 secs
running test on instance 44 ... time taken: 6.28007 secs
running test on instance 45 ... time taken: 6.48399 secs ---> instance solved (problem dim. = 0.9196863295529777)
running test on instance 46 ... time taken: 27.19176 secs ---> instance solved (problem dim. = 0.9306192838535897)
running test on instance 48 ... time taken: 5.92038 secs
running test on instance 50 ... time taken: 12.47129 secs

===============================================
===============================================
BKZ block dimension: 41 ; #solved instances: 27 ; #unsolved instances: 23 

running test on instance 1 ... time taken: 24.23275 secs
running test on instance 2 ... time taken: 16.26451 secs
running test on instance 3 ... time taken: 15.22081 secs
running test on instance 4 ... time taken: 30.59813 secs ---> instance solved (problem dim. = 0.9197969182718888)
running test on instance 5 ... time taken: 14.73602 secs
running test on instance 7 ... time taken: 10.49273 secs
running test on instance 10 ... time taken: 14.50759 secs ---> instance solved (problem dim. = 0.9196562176245155)
running test on instance 12 ... time taken: 8.46793 secs ---> instance solved (problem dim. = 0.9413560787844145)
running test on instance 13 ... time taken: 8.05049 secs
running test on instance 14 ... time taken: 15.40587 secs ---> instance solved (problem dim. = 0.9302505969103547)
running test on instance 15 ... time taken: 7.12741 secs
running test on instance 21 ... time taken: 10.35409 secs
running test on instance 22 ... time taken: 5.685 secs
running test on instance 25 ... time taken: 17.70863 secs
running test on instance 27 ... time taken: 45.52137 secs
running test on instance 32 ... time taken: 17.4797 secs ---> instance solved (problem dim. = 0.9198327928266282)
running test on instance 33 ... time taken: 14.17888 secs
running test on instance 36 ... time taken: 13.69701 secs ---> instance solved (problem dim. = 0.9197708684054904)
running test on instance 40 ... time taken: 13.0686 secs
running test on instance 42 ... time taken: 9.99006 secs
running test on instance 44 ... time taken: 14.25345 secs
running test on instance 48 ... time taken: 9.69948 secs
running test on instance 50 ... time taken: 30.96203 secs ---> instance solved (problem dim. = 0.9302524591485514)

===============================================
===============================================
BKZ block dimension: 42 ; #solved instances: 34 ; #unsolved instances: 16 

running test on instance 1 ... time taken: 9.8088 secs
running test on instance 2 ... time taken: 19.9805 secs
running test on instance 3 ... time taken: 18.27098 secs
running test on instance 5 ... time taken: 21.07876 secs ---> instance solved (problem dim. = 0.9415895000699434)
running test on instance 7 ... time taken: 0.80747 secs
running test on instance 13 ... time taken: 9.48648 secs
running test on instance 15 ... time taken: 13.46856 secs
running test on instance 21 ... time taken: 9.40069 secs
running test on instance 22 ... time taken: 12.85009 secs
running test on instance 25 ... time taken: 16.9296 secs ---> instance solved (problem dim. = 0.9305257649331093)
running test on instance 27 ... time taken: 10.59758 secs
running test on instance 33 ... time taken: 24.24846 secs
running test on instance 40 ... time taken: 9.91813 secs
running test on instance 42 ... time taken: 6.04468 secs
running test on instance 44 ... time taken: 7.92221 secs
running test on instance 48 ... time taken: 16.71712 secs

===============================================
===============================================
BKZ block dimension: 43 ; #solved instances: 36 ; #unsolved instances: 14 

running test on instance 1 ... time taken: 14.28706 secs
running test on instance 2 ... time taken: 22.83683 secs
running test on instance 3 ... time taken: 22.88615 secs ---> instance solved (problem dim. = 0.9205127340455294)
running test on instance 7 ... time taken: 20.35586 secs ---> instance solved (problem dim. = 0.9197962564356812)
running test on instance 13 ... time taken: 31.88092 secs
running test on instance 15 ... time taken: 15.3105 secs
running test on instance 21 ... time taken: 4.93507 secs
running test on instance 22 ... time taken: 10.57536 secs
running test on instance 27 ... time taken: 18.24217 secs
running test on instance 33 ... time taken: 8.76027 secs
running test on instance 40 ... time taken: 15.42943 secs ---> instance solved (problem dim. = 0.9411834752446597)
running test on instance 42 ... time taken: 21.93902 secs ---> instance solved (problem dim. = 0.919544764448211)
running test on instance 44 ... time taken: 16.19544 secs
running test on instance 48 ... time taken: 41.8603 secs ---> instance solved (problem dim. = 0.9412224323484822)

===============================================
===============================================
BKZ block dimension: 44 ; #solved instances: 41 ; #unsolved instances: 9 

running test on instance 1 ... time taken: 11.85414 secs
running test on instance 2 ... time taken: 20.44628 secs
running test on instance 13 ... time taken: 38.8327 secs
running test on instance 15 ... time taken: 12.05399 secs
running test on instance 21 ... time taken: 24.2965 secs ---> instance solved (problem dim. = 0.9303819305876696)
running test on instance 22 ... time taken: 17.52129 secs
running test on instance 27 ... time taken: 28.23159 secs ---> instance solved (problem dim. = 0.9305031453212671)
running test on instance 33 ... time taken: 13.65265 secs
running test on instance 44 ... time taken: 12.44219 secs

===============================================
===============================================
BKZ block dimension: 45 ; #solved instances: 43 ; #unsolved instances: 7 

running test on instance 1 ... time taken: 38.97481 secs
running test on instance 2 ... time taken: 43.15168 secs
running test on instance 13 ... time taken: 18.35592 secs
running test on instance 15 ... time taken: 67.14711 secs
running test on instance 22 ... time taken: 48.35595 secs
running test on instance 33 ... time taken: 136.80825 secs
running test on instance 44 ... time taken: 84.15402 secs

===============================================
===============================================
BKZ block dimension: 46 ; #solved instances: 43 ; #unsolved instances: 7 

running test on instance 1 ... time taken: 76.74535 secs ---> instance solved (problem dim. = 0.9195671781874807)
running test on instance 2 ... time taken: 57.62657 secs
running test on instance 13 ... time taken: 74.74907 secs
^[[Arunning test on instance 15 ... time taken: 52.62673 secs ---> instance solved (problem dim. = 0.9196189259257652)
running test on instance 22 ... time taken: 122.74601 secs
running test on instance 33 ... time taken: 67.67656 secs
running test on instance 44 ... time taken: 53.90825 secs

===============================================
===============================================
BKZ block dimension: 47 ; #solved instances: 45 ; #unsolved instances: 5 

running test on instance 2 ... time taken: 48.11757 secs ---> instance solved (problem dim. = 0.9196166329589786)
running test on instance 13 ... time taken: 48.83241 secs
running test on instance 22 ... time taken: 51.93775 secs
running test on instance 33 ... time taken: 58.99407 secs
running test on instance 44 ... time taken: 50.78363 secs

===============================================
===============================================
BKZ block dimension: 48 ; #solved instances: 46 ; #unsolved instances: 4 

running test on instance 13 ... time taken: 58.28329 secs
running test on instance 22 ... time taken: 83.13891 secs
running test on instance 33 ... time taken: 93.53667 secs ---> instance solved (problem dim. = 0.9414407334800794)
running test on instance 44 ... time taken: 28.44942 secs

===============================================
===============================================
BKZ block dimension: 49 ; #solved instances: 47 ; #unsolved instances: 3 

running test on instance 13 ... time taken: 38.49299 secs
running test on instance 22 ... time taken: 109.92332 secs
running test on instance 44 ... time taken: 131.20789 secs

===============================================
===============================================
BKZ block dimension: 50 ; #solved instances: 47 ; #unsolved instances: 3 

running test on instance 13 ... time taken: 58.63427 secs
running test on instance 22 ... time taken: 94.68693 secs
running test on instance 44 ... time taken: 17.15936 secs

===============================================
===============================================
BKZ block dimension: 51 ; #solved instances: 47 ; #unsolved instances: 3 

running test on instance 13 ... time taken: 52.63598 secs
running test on instance 22 ... time taken: 45.20774 secs
running test on instance 44 ... time taken: 78.06833 secs

===============================================
===============================================
BKZ block dimension: 52 ; #solved instances: 47 ; #unsolved instances: 3 

running test on instance 13 ... time taken: 111.02756 secs
running test on instance 22 ... time taken: 75.20285 secs
running test on instance 44 ... time taken: 83.84471 secs

===============================================
===============================================
BKZ block dimension: 53 ; #solved instances: 47 ; #unsolved instances: 3 

running test on instance 13 ... time taken: 121.21361 secs ---> instance solved (problem dim. = 0.941610583664665)
running test on instance 22 ... time taken: 149.84636 secs
running test on instance 44 ... time taken: 134.14266 secs

===============================================
===============================================
BKZ block dimension: 54 ; #solved instances: 48 ; #unsolved instances: 2 

running test on instance 22 ... time taken: 174.88246 secs ---> instance solved (problem dim. = 0.9305876303259049)
running test on instance 44 ... time taken: 120.40486 secs

===============================================
===============================================
BKZ block dimension: 55 ; #solved instances: 49 ; #unsolved instances: 1 

running test on instance 44 ... time taken: 99.48299 secs

===============================================
===============================================
BKZ block dimension: 56 ; #solved instances: 49 ; #unsolved instances: 1 

running test on instance 44 ... time taken: 71.67412 secs

===============================================
===============================================
BKZ block dimension: 57 ; #solved instances: 49 ; #unsolved instances: 1 

running test on instance 44 ... time taken: 56.41376 secs

===============================================
===============================================
BKZ block dimension: 58 ; #solved instances: 49 ; #unsolved instances: 1 

^[[A^[[C
running test on instance 44 ... time taken: 6179.09879 secs ---> instance solved (problem dim. = 0.9414595235347738)

===============================================

Test suite ending at 13.05.2019, 22:53:22 

Statistics:
BKZ block size: 30 ; instances solved: 0 ; approx. time per success:  0
BKZ block size: 31 ; instances solved: 0 ; approx. time per success:  0
BKZ block size: 32 ; instances solved: 0 ; approx. time per success:  0
BKZ block size: 33 ; instances solved: 0 ; approx. time per success:  0
BKZ block size: 34 ; instances solved: 0 ; approx. time per success:  0
BKZ block size: 35 ; instances solved: 0 ; approx. time per success:  0
BKZ block size: 36 ; instances solved: 0 ; approx. time per success:  0
BKZ block size: 37 ; instances solved: 5 ; approx. time per success:  9.33863
BKZ block size: 38 ; instances solved: 2 ; approx. time per success:  9.6301
BKZ block size: 39 ; instances solved: 7 ; approx. time per success:  12.62885
BKZ block size: 40 ; instances solved: 13 ; approx. time per success:  13.41006
BKZ block size: 41 ; instances solved: 7 ; approx. time per success:  18.73118
BKZ block size: 42 ; instances solved: 2 ; approx. time per success:  19.00418
BKZ block size: 43 ; instances solved: 5 ; approx. time per success:  24.49415
BKZ block size: 44 ; instances solved: 2 ; approx. time per success:  26.26405
BKZ block size: 45 ; instances solved: 0 ; approx. time per success:  0
BKZ block size: 46 ; instances solved: 2 ; approx. time per success:  64.68604
BKZ block size: 47 ; instances solved: 1 ; approx. time per success:  48.11757
BKZ block size: 48 ; instances solved: 1 ; approx. time per success:  93.53667
BKZ block size: 49 ; instances solved: 0 ; approx. time per success:  0
BKZ block size: 50 ; instances solved: 0 ; approx. time per success:  0
BKZ block size: 51 ; instances solved: 0 ; approx. time per success:  0
BKZ block size: 52 ; instances solved: 0 ; approx. time per success:  0
BKZ block size: 53 ; instances solved: 1 ; approx. time per success:  121.21361
BKZ block size: 54 ; instances solved: 1 ; approx. time per success:  174.88246
BKZ block size: 55 ; instances solved: 0 ; approx. time per success:  0
BKZ block size: 56 ; instances solved: 0 ; approx. time per success:  0
BKZ block size: 57 ; instances solved: 0 ; approx. time per success:  0
BKZ block size: 58 ; instances solved: 1 ; approx. time per success:  6179.09879

Total running time of reduction algorithm(s): 3:31:10.477606
Total running time of reduction algorithm(s) where we found solution: 7419.03273
032729


DIAGNOSTICS -> USE IT LATER
[[37, 9, 5.42801, 0.9303240538411102], [37, 19, 13.5012, 0.9415794133215544], [37, 20, 8.67286, 0.9196421351689952], [37, 23, 7.9756, 0.9411872883913256], [37, 34, 11.1155, 0.9198421613970714], [38, 16, 4.99023, 0.9197563197385172], [38, 41, 14.26996, 0.9198284350459649], [39, 8, 9.63564, 0.9413957926548012], [39, 24, 11.89688, 0.9309052704536437], [39, 28, 5.81043, 0.9411901246747552], [39, 29, 11.49293, 0.9303229757346966], [39, 43, 20.98019, 0.9306989907753511], [39, 47, 10.66152, 0.9412115660571307], [39, 49, 17.92433, 0.9196833441686982], [40, 6, 23.1763, 0.941186162437356], [40, 11, 15.76572, 0.9196546475859326], [40, 17, 9.2349, 0.9412251050567522], [40, 18, 9.76392, 0.9304398494409237], [40, 26, 10.20012, 0.9303742498361245], [40, 30, 12.3801, 0.9199592545985464], [40, 31, 17.52429, 0.9305981243358407], [40, 35, 7.13314, 0.9302534178211824], [40, 37, 12.12172, 0.930442587189832], [40, 38, 7.53665, 0.9197337187991846], [40, 39, 15.81819, 0.9303081703981573], [40, 45, 6.48399, 0.9196863295529777], [40, 46, 27.19176, 0.9306192838535897], [41, 4, 30.59813, 0.9197969182718888], [41, 10, 14.50759, 0.9196562176245155], [41, 12, 8.46793, 0.9413560787844145], [41, 14, 15.40587, 0.9302505969103547], [41, 32, 17.4797, 0.9198327928266282], [41, 36, 13.69701, 0.9197708684054904], [41, 50, 30.96203, 0.9302524591485514], [42, 5, 21.07876, 0.9415895000699434], [42, 25, 16.9296, 0.9305257649331093], [43, 3, 22.88615, 0.9205127340455294], [43, 7, 20.35586, 0.9197962564356812], [43, 40, 15.42943, 0.9411834752446597], [43, 42, 21.93902, 0.919544764448211], [43, 48, 41.8603, 0.9412224323484822], [44, 21, 24.2965, 0.9303819305876696], [44, 27, 28.23159, 0.9305031453212671], [46, 1, 76.74535, 0.9195671781874807], [46, 15, 52.62673, 0.9196189259257652], [47, 2, 48.11757, 0.9196166329589786], [48, 33, 93.53667, 0.9414407334800794], [53, 13, 121.21361, 0.941610583664665], [54, 22, 174.88246, 0.9305876303259049], [58, 44, 6179.09879, 0.9414595235347738]]
[[30, 0, 0], [31, 0, 0], [32, 0, 0], [33, 0, 0], [34, 0, 0], [35, 0, 0], [36, 0, 0], [37, 5, 9.33863], [38, 2, 9.6301], [39, 7, 12.62885], [40, 13, 13.41006], [41, 7, 18.73118], [42, 2, 19.00418], [43, 5, 24.49415], [44, 2, 26.26405], [45, 0, 0], [46, 2, 64.68604], [47, 1, 48.11757], [48, 1, 93.53667], [49, 0, 0], [50, 0, 0], [51, 0, 0], [52, 0, 0], [53, 1, 121.21361], [54, 1, 174.88246], [55, 0, 0], [56, 0, 0], [57, 0, 0], [58, 1, 6179.09879]]
